<?xml version="1.0" encoding="UTF-8"?>
<!-- Generated by org.testng.reporters.JUnitReportReporter -->
<testsuite hostname="DESKTOP-KA9OV80" failures="0" tests="1" name="Practice.PrintTest" time="0.034" errors="0" timestamp="2023-12-09T11:59:08 IST" skipped="0">
  <testcase classname="Practice.PrintTest" name="PrintTest" time="0.034"/>
</testsuite> <!-- Practice.PrintTest -->
